<?xml version="1.0" encoding="UTF-8"?>
<!-- Generated by org.testng.reporters.JUnitReportReporter -->
<testsuite hostname="LAPTOP-2U4B2RG0" failures="0" tests="1" name="testcases.SigninTest" time="15.990" errors="0" timestamp="14 Jul 2024 11:24:10 GMT" skipped="0">
  <testcase classname="testcases.SigninTest" name="signin" time="15.990"/>
</testsuite> <!-- testcases.SigninTest -->
